Removed Pin From Net: NetName=VBAT Pin=P1-1
Removed Pin From Net: NetName=NetP1_2 Pin=P1-2
Removed Pin From Net: NetName=NetC7_2 Pin=P2-2
Removed Pin From Net: NetName=GND Pin=P2-5
Removed Pin From Net: NetName=VBAT Pin=P3-1
Removed Pin From Net: NetName=GND Pin=P3-2
Removed Pin From Net: NetName=VBAT Pin=Q1-1
Removed Pin From Net: NetName=VBAT Pin=Q4-1
Removed Pin From Net: NetName=VBAT Pin=R2-1
Removed Pin From Net: NetName=VBAT Pin=R5-1
Removed Pin From Net: NetName=GND Pin=R12-1
Removed Pin From Net: NetName=GND Pin=R16-1
Change Component Footprint: Designator=R19 Old Footprint=2512 RESISTOR New Footprint=1608[0603]
Change Component Comment : Designator=R15 Old Comment=330K New Comment=5K
Change Component Designator: OldDesignator=C1 NewDesignator=C8
Change Component Designator: OldDesignator=C2 NewDesignator=C?
Change Component Designator: OldDesignator=C3 NewDesignator=C8
Change Component Designator: OldDesignator=C4 NewDesignator=C8
Change Component Designator: OldDesignator=C5 NewDesignator=C8
Change Component Designator: OldDesignator=C6 NewDesignator=C8
Change Component Designator: OldDesignator=C7 NewDesignator=C?
Change Component Designator: OldDesignator=Q1 NewDesignator=Q?
Change Component Designator: OldDesignator=Q2 NewDesignator=Q?
Change Component Designator: OldDesignator=Q3 NewDesignator=Q?
Change Component Designator: OldDesignator=Q4 NewDesignator=Q?
Change Component Designator: OldDesignator=Q5 NewDesignator=Q?
Change Component Designator: OldDesignator=R1 NewDesignator=R?
Change Component Designator: OldDesignator=R2 NewDesignator=R?
Change Component Designator: OldDesignator=R3 NewDesignator=R?
Change Component Designator: OldDesignator=R4 NewDesignator=R14
Change Component Designator: OldDesignator=R5 NewDesignator=R16
Change Component Designator: OldDesignator=R6 NewDesignator=R18
Change Component Designator: OldDesignator=R7 NewDesignator=R13
Change Component Designator: OldDesignator=R8 NewDesignator=R5
Change Component Designator: OldDesignator=R9 NewDesignator=R2
Change Component Designator: OldDesignator=R10 NewDesignator=R2
Change Component Designator: OldDesignator=R11 NewDesignator=R2
Change Component Designator: OldDesignator=R12 NewDesignator=R2
Change Component Designator: OldDesignator=R14 NewDesignator=R13
Change Component Designator: OldDesignator=R15 NewDesignator=R?
Change Component Designator: OldDesignator=R17 NewDesignator=R?
Change Component Designator: OldDesignator=R18 NewDesignator=R13
Change Component Designator: OldDesignator=R19 NewDesignator=R14
Change Component Designator: OldDesignator=U4 NewDesignator=U?
Added Component: Designator=BT?(BAT-2)
Added Component: Designator=P?(HDR1X2H)
Added Component: Designator=P?(Mini USB)
Added Component: Designator=R?(0603 resistor)
Added Pin To Net: NetName=VBAT Pin=BT?-1
Added Pin To Net: NetName=GND Pin=BT?-2
Added Pin To Net: NetName=VBAT Pin=P?-1
Added Pin To Net: NetName=NetC7_2 Pin=P?-2
Added Pin To Net: NetName=NetP1_2 Pin=P?-2
Added Pin To Net: NetName=GND Pin=P?-5
Added Pin To Net: NetName=GND Pin=R?-2
Change Net Name : Old Net Name=NetC4_1 New Net Name=NetC8_1
Change Net Name : Old Net Name=NetC5_1 New Net Name=NetC8_1
Change Net Name : Old Net Name=NetC7_2 New Net Name=NetC?_2
Change Net Name : Old Net Name=NetP1_2 New Net Name=NetP?_2
Change Net Name : Old Net Name=NetQ1_2 New Net Name=NetQ9_C
Change Net Name : Old Net Name=NetQ1_3 New Net Name=NetQ?_1
Change Net Name : Old Net Name=NetQ2_3 New Net Name=NetQ8_E
Change Net Name : Old Net Name=NetQ3_1 New Net Name=NetQ?_1
Change Net Name : Old Net Name=NetQ3_2 New Net Name=NetQ8_C
Change Net Name : Old Net Name=NetQ5_1 New Net Name=NetQ?_1
Change Net Name : Old Net Name=NetQ5_2 New Net Name=NetQ?_2
Change Net Name : Old Net Name=NetR1_2 New Net Name=NetR?_2
Change Net Name : Old Net Name=NetR6_2 New Net Name=NetR18_2
Change Net Name : Old Net Name=NetR8_2 New Net Name=NetR2_2
Change Net Name : Old Net Name=NetR9_1 New Net Name=NetR2_1
Change Net Name : Old Net Name=NetR12_2 New Net Name=NetR2_2
Change Net Name : Old Net Name=NetR14_2 New Net Name=NetR13_1
Added Pin To Net: NetName=NetP?_1 Pin=P?-1
Added Pin To Net: NetName=NetP?_1 Pin=R13-2
Added Net: Name=NetP?_1
Added Pin To Net: NetName=NetP?_3 Pin=P?-3
Added Pin To Net: NetName=NetP?_3 Pin=U?-7
Added Net: Name=NetP?_3
Added Pin To Net: NetName=NetR?_1 Pin=R?-1
Added Pin To Net: NetName=NetR?_1 Pin=R?-2
Added Pin To Net: NetName=NetR?_1 Pin=U?-28
Added Net: Name=NetR?_1
Added Pin To Net: NetName=POWER_IN Pin=Q?-1
Added Pin To Net: NetName=POWER_IN Pin=Q?-1
Added Pin To Net: NetName=POWER_IN Pin=R16-1
Added Pin To Net: NetName=POWER_IN Pin=R?-1
Added Net: Name=POWER_IN
Added Member To Class: ClassName=Main Member=Component BT? Battery
Added Member To Class: ClassName=Main Member=Component P? Header 2H
Added Member To Class: ClassName=Main Member=Component P? Mini USB
Added Member To Class: ClassName=Main Member=Component R13 2.7M
Added Member To Class: ClassName=Main Member=Component R? 1M
Added Member To Class: ClassName=Main Member=Component R? 1.7KO
