Removed Pin From Net: NetName=VBAT Pin=P1-1
Removed Pin From Net: NetName=NetP1_2 Pin=P1-2
Removed Pin From Net: NetName=NetP2_1 Pin=P2-1
Removed Pin From Net: NetName=NetC7_2 Pin=P2-2
Removed Pin From Net: NetName=NetP2_3 Pin=P2-3
Removed Pin From Net: NetName=GND Pin=P2-5
Removed Pin From Net: NetName=VBAT Pin=P3-1
Removed Pin From Net: NetName=GND Pin=P3-2
Removed Pin From Net: NetName=VBAT Pin=Q1-1
Removed Pin From Net: NetName=VBAT Pin=Q4-1
Removed Pin From Net: NetName=VBAT Pin=R2-1
Removed Pin From Net: NetName=VBAT Pin=R5-1
Removed Pin From Net: NetName=GND Pin=R12-1
Removed Pin From Net: NetName=GND Pin=R16-1
Removed Pin From Net: NetName=NetR15_2 Pin=R16-2
Change Component Footprint: Designator=R7 Old Footprint=0603 resistor New Footprint=2512 RESISTOR
Change Component Designator: OldDesignator=Q3 NewDesignator=Q4
Change Component Designator: OldDesignator=Q4 NewDesignator=Q3
Change Component Designator: OldDesignator=Q5 NewDesignator=Q?
Change Component Description : Designator=R15 Old Description=RES SMD 5K OHM 0.1% 1/20W 0402 New Description=RES SMD 330K OHM 5% 1/10W 0603 
Change Component Library : Designator=U4 Old Library=Altium Content Vault New Library=
Added Component: Designator=P1(Header 2)
Added Component: Designator=P2(Mini USB)
Added Component: Designator=P3(BH123A)
Added Component: Designator=R16(0603 resistor)
Added Pin To Net: NetName=VBAT Pin=P1-1
Added Pin To Net: NetName=NetP1_2 Pin=P1-2
Added Pin To Net: NetName=NetP2_1 Pin=P2-1
Added Pin To Net: NetName=NetC7_2 Pin=P2-2
Added Pin To Net: NetName=NetP2_3 Pin=P2-3
Added Pin To Net: NetName=GND Pin=P2-5
Added Pin To Net: NetName=VBAT Pin=P3-1
Added Pin To Net: NetName=GND Pin=P3-2
Added Pin To Net: NetName=NetR15_2 Pin=R16-1
Added Pin To Net: NetName=GND Pin=R16-2
Change Net Name : Old Net Name=NetQ3_1 New Net Name=NetQ3_3
Change Net Name : Old Net Name=NetQ5_1 New Net Name=NetQ?_1
Change Net Name : Old Net Name=NetQ5_2 New Net Name=NetQ?_2
Added Pin To Net: NetName=POWER_IN Pin=Q1-1
Added Pin To Net: NetName=POWER_IN Pin=Q3-1
Added Pin To Net: NetName=POWER_IN Pin=R2-1
Added Pin To Net: NetName=POWER_IN Pin=R5-1
Added Net: Name=POWER_IN
Added Member To Class: ClassName=Main Member=Component P1 Header 2H
Added Member To Class: ClassName=Main Member=Component P2 Mini USB
Added Member To Class: ClassName=Main Member=Component P3 BH123A
Added Member To Class: ClassName=Main Member=Component R8 100KO
Added Member To Class: ClassName=Main Member=Component R10 1MO
Added Member To Class: ClassName=Main Member=Component R16 1M
Added Member To Class: ClassName=Main Member=Component R19 13O
