Removed Pin From Net: NetName=VBAT Pin=Q1-1
Removed Pin From Net: NetName=NetQ2_3 Pin=Q6-1
Removed Pin From Net: NetName=NetQ2_1 Pin=Q6-2
Removed Pin From Net: NetName=NetQ6_3 Pin=Q6-3
Removed Pin From Net: NetName=NetQ3_3 Pin=Q7-1
Removed Pin From Net: NetName=NetQ3_1 Pin=Q7-2
Removed Pin From Net: NetName=NetQ6_3 Pin=Q7-3
Removed Pin From Net: NetName=NetQ1_2 Pin=R23-1
Removed Pin From Net: NetName=NetQ1_2 Pin=U2-31
Added Pin To Net: NetName=VBAT Pin=Q1-3
Added Pin To Net: NetName=NetQ2_1 Pin=Q6-1
Added Pin To Net: NetName=NetQ6_3 Pin=Q6-2
Added Pin To Net: NetName=NetQ2_3 Pin=Q6-3
Added Pin To Net: NetName=NetQ3_1 Pin=Q7-1
Added Pin To Net: NetName=NetQ6_3 Pin=Q7-2
Added Pin To Net: NetName=NetQ3_3 Pin=Q7-3
Added Pin To Net: NetName=NetQ1_2 Pin=R1-1
Change Net Name : Old Net Name=NetQ6_3 New Net Name=NetQ6_2
Added Pin To Net: NetName=NetQ1_1 Pin=Q1-1
Added Pin To Net: NetName=NetQ1_1 Pin=R23-1
Added Pin To Net: NetName=NetQ1_1 Pin=U2-31
Added Net: Name=NetQ1_1
Added Member To Class: ClassName=Main Member=Component Q7 MOSFET-N
Added Room: Name=Main
