Removed Pin From Net: NetName=NetC4_1 Pin=C4-1
Removed Pin From Net: NetName=VCC Pin=C4-2
Removed Pin From Net: NetName=NetC5_1 Pin=C5-1
Removed Pin From Net: NetName=VCC Pin=C5-2
Removed Pin From Net: NetName=NetC5_1 Pin=U4-2
Removed Pin From Net: NetName=NetC4_1 Pin=U4-16
Added Component: Designator=D2(0603 LED)
Added Component: Designator=R13(0402 Resistor)
Added Pin To Net: NetName=VCC Pin=C4-1
Added Pin To Net: NetName=GND Pin=C4-2
Added Pin To Net: NetName=VCC Pin=C5-1
Added Pin To Net: NetName=GND Pin=C5-2
Added Pin To Net: NetName=NetC4_1 Pin=D2-1
Added Pin To Net: NetName=NetC5_1 Pin=D2-2
Added Pin To Net: NetName=GND Pin=R13-1
Added Pin To Net: NetName=NetC5_1 Pin=R13-2
Added Pin To Net: NetName=VCC Pin=U4-2
Added Pin To Net: NetName=VCC Pin=U4-16
Added Pin To Net: NetName=NetC4_1 Pin=U4-36
Change Net Name : Old Net Name=NetC4_1 New Net Name=NetD2_1
Change Net Name : Old Net Name=NetC5_1 New Net Name=NetD2_2
Added Member To Class: ClassName=Main Member=Component D2 RED
Added Member To Class: ClassName=Main Member=Component R13 2.7M
