Removed Pin From Net: NetName=VBAT Pin=Q1-1
Removed Pin From Net: NetName=NetQ1_3 Pin=Q1-3
Removed Pin From Net: NetName=NetQ1_3 Pin=Q2-1
Removed Pin From Net: NetName=VBAT Pin=Q3-1
Removed Pin From Net: NetName=VBAT Pin=Q5-3
Removed Pin From Net: NetName=NetQ2_3 Pin=Q8-E
Removed Pin From Net: NetName=NetQ2_3 Pin=Q9-E
Removed Pin From Net: NetName=VBAT Pin=R17-1
Removed Member From Class: ClassName=Main Member=Q8
Removed Member From Class: ClassName=Main Member=Q9
Change Component Designator: OldDesignator=C1 NewDesignator=C4
Change Component Designator: OldDesignator=C2 NewDesignator=C5
Change Component Designator: OldDesignator=C3 NewDesignator=C6
Change Component Designator: OldDesignator=C4 NewDesignator=C7
Change Component Designator: OldDesignator=C5 NewDesignator=C8
Change Component Designator: OldDesignator=C6 NewDesignator=C2
Change Component Designator: OldDesignator=C7 NewDesignator=C3
Change Component Designator: OldDesignator=C8 NewDesignator=C1
Change Component Designator: OldDesignator=D2 NewDesignator=D1
Change Component Designator: OldDesignator=P1 NewDesignator=P3
Change Component Designator: OldDesignator=P2 NewDesignator=P1
Change Component Designator: OldDesignator=P3 NewDesignator=P2
Change Component Designator: OldDesignator=Q1 NewDesignator=Q2
Change Component Designator: OldDesignator=Q2 NewDesignator=Q6
Change Component Designator: OldDesignator=Q4 NewDesignator=Q7
Change Component Designator: OldDesignator=Q5 NewDesignator=Q1
Change Component Designator: OldDesignator=Q8 NewDesignator=Q4
Change Component Designator: OldDesignator=Q9 NewDesignator=Q5
Change Component Designator: OldDesignator=R1 NewDesignator=R16
Change Component Designator: OldDesignator=R2 NewDesignator=R14
Change Component Designator: OldDesignator=R3 NewDesignator=R18
Change Component Designator: OldDesignator=R4 NewDesignator=R19
Change Component Designator: OldDesignator=R5 NewDesignator=R15
Change Component Designator: OldDesignator=R6 NewDesignator=R17
Change Component Designator: OldDesignator=R7 NewDesignator=R20
Change Component Designator: OldDesignator=R8 NewDesignator=R12
Change Component Designator: OldDesignator=R9 NewDesignator=R13
Change Component Designator: OldDesignator=R11 NewDesignator=R9
Change Component Designator: OldDesignator=R12 NewDesignator=R5
Change Component Designator: OldDesignator=R13 NewDesignator=R3
Change Component Designator: OldDesignator=R13 NewDesignator=R11
Change Component Designator: OldDesignator=R14 NewDesignator=R1
Change Component Designator: OldDesignator=R15 NewDesignator=R4
Change Component Designator: OldDesignator=R16 NewDesignator=R7
Change Component Designator: OldDesignator=R17 NewDesignator=R2
Change Component Designator: OldDesignator=R18 NewDesignator=R6
Change Component Designator: OldDesignator=R19 NewDesignator=R8
Change Component Designator: OldDesignator=U1 NewDesignator=U4
Change Component Designator: OldDesignator=U2 NewDesignator=U3
Change Component Designator: OldDesignator=U3 NewDesignator=U1
Change Component Designator: OldDesignator=U4 NewDesignator=U2
Added Component: Designator=C9(0805 Small)
Added Component: Designator=R21(0402 Resistor)
Added Component: Designator=R22(0402 Resistor)
Added Pin To Net: NetName=GND Pin=C9-1
Added Pin To Net: NetName=VCC Pin=C9-2
Added Pin To Net: NetName=VBAT Pin=Q1-1
Added Pin To Net: NetName=NetQ1_3 Pin=Q1-3
Added Pin To Net: NetName=VBAT Pin=Q2-3
Added Pin To Net: NetName=VBAT Pin=Q3-3
Added Pin To Net: NetName=GND Pin=Q4-E
Added Pin To Net: NetName=GND Pin=Q5-E
Added Pin To Net: NetName=NetQ1_3 Pin=R1-1
Added Pin To Net: NetName=VCC Pin=R2-1
Added Pin To Net: NetName=GND Pin=R21-2
Added Pin To Net: NetName=GND Pin=R22-2
Change Net Name : Old Net Name=NetD2_1 New Net Name=NetD1_1
Change Net Name : Old Net Name=NetD2_2 New Net Name=NetD1_2
Change Net Name : Old Net Name=NetP1_2 New Net Name=NetP3_2
Change Net Name : Old Net Name=NetP2_1 New Net Name=NetP1_1
Change Net Name : Old Net Name=NetQ1_2 New Net Name=NetQ2_2
Change Net Name : Old Net Name=NetQ2_3 New Net Name=NetQ6_3
Change Net Name : Old Net Name=NetQ5_2 New Net Name=NetQ1_2
Change Net Name : Old Net Name=NetR1_2 New Net Name=NetR16_2
Change Net Name : Old Net Name=NetR8_2 New Net Name=NetR12_2
Change Net Name : Old Net Name=NetR9_1 New Net Name=NetR13_1
Change Net Name : Old Net Name=NetR12_2 New Net Name=NetR3_2
Change Net Name : Old Net Name=NetR14_2 New Net Name=NetR1_2
Change Net Name : Old Net Name=NetR15_2 New Net Name=NetR4_2
Change Net Name : Old Net Name=NetU2_1 New Net Name=NetU2_11
Change Net Name : Old Net Name=NetU2_2 New Net Name=NetU2_14
Change Net Name : Old Net Name=NetU2_3 New Net Name=NetU2_26
Change Net Name : Old Net Name=NetU2_4 New Net Name=NetU2_25
Added Pin To Net: NetName=NetC3_2 Pin=C3-2
Added Pin To Net: NetName=NetC3_2 Pin=P1-3
Added Pin To Net: NetName=NetC3_2 Pin=R2-2
Added Pin To Net: NetName=NetC3_2 Pin=U2-7
Added Net: Name=NetC3_2
Added Pin To Net: NetName=NetP1_2 Pin=P1-2
Added Pin To Net: NetName=NetP1_2 Pin=U2-1
Added Net: Name=NetP1_2
Added Pin To Net: NetName=NetQ2_1 Pin=Q2-1
Added Pin To Net: NetName=NetQ2_1 Pin=Q6-1
Added Net: Name=NetQ2_1
Added Pin To Net: NetName=NetQ3_1 Pin=Q3-1
Added Pin To Net: NetName=NetQ3_1 Pin=Q7-1
Added Net: Name=NetQ3_1
Added Pin To Net: NetName=NetQ4_B Pin=Q4-B
Added Pin To Net: NetName=NetQ4_B Pin=R17-2
Added Pin To Net: NetName=NetQ4_B Pin=R21-1
Added Net: Name=NetQ4_B
Added Pin To Net: NetName=NetQ5_B Pin=Q5-B
Added Pin To Net: NetName=NetQ5_B Pin=R16-1
Added Pin To Net: NetName=NetQ5_B Pin=R22-1
Added Net: Name=NetQ5_B
Added Pin To Net: NetName=NetR17_1 Pin=R17-1
Added Pin To Net: NetName=NetR17_1 Pin=U2-19
Added Net: Name=NetR17_1
Added Member To Class: ClassName=Main Member=Component C9 10uF
Added Member To Class: ClassName=Main Member=Component Q6 MOSFET-N
Added Member To Class: ClassName=Main Member=Component Q7 MOSFET-N
Added Member To Class: ClassName=Main Member=Component R20 0.1
Added Member To Class: ClassName=Main Member=Component R21 10K
Added Member To Class: ClassName=Main Member=Component R22 10K
Added Room: Name=Main
