Removed Pin From Net: NetName=VBAT Pin=Q1-1
Removed Pin From Net: NetName=NetQ2_2 Pin=Q2-2
Removed Pin From Net: NetName=VBAT Pin=Q2-3
Removed Pin From Net: NetName=NetQ3_2 Pin=Q3-2
Removed Pin From Net: NetName=VBAT Pin=Q3-3
Removed Pin From Net: NetName=NetQ2_2 Pin=Q6-2
Removed Pin From Net: NetName=NetQ6_3 Pin=Q6-3
Removed Pin From Net: NetName=NetQ3_2 Pin=Q7-2
Removed Pin From Net: NetName=NetQ6_3 Pin=Q7-3
Added Component: Designator=Q?(SOT-23)
Added Pin To Net: NetName=NetQ2_2 Pin=Q2-1
Added Pin To Net: NetName=VBAT Pin=Q2-2
Added Pin To Net: NetName=NetQ3_2 Pin=Q3-1
Added Pin To Net: NetName=VBAT Pin=Q3-2
Added Pin To Net: NetName=NetQ2_2 Pin=Q6-1
Added Pin To Net: NetName=NetQ6_3 Pin=Q6-2
Added Pin To Net: NetName=NetQ3_2 Pin=Q7-1
Added Pin To Net: NetName=NetQ6_3 Pin=Q7-2
Change Net Name : Old Net Name=NetQ2_2 New Net Name=NetQ2_1
Change Net Name : Old Net Name=NetQ3_2 New Net Name=NetQ3_1
Change Net Name : Old Net Name=NetQ6_3 New Net Name=NetQ6_2
Added Pin To Net: NetName=NetQ2_3 Pin=Q2-3
Added Pin To Net: NetName=NetQ2_3 Pin=Q6-3
Added Net: Name=NetQ2_3
Added Pin To Net: NetName=NetQ3_3 Pin=Q3-3
Added Pin To Net: NetName=NetQ3_3 Pin=Q7-3
Added Net: Name=NetQ3_3
Added Pin To Net: NetName=NetQ?_1 Pin=U2-31
Added Net: Name=NetQ?_1
Added Pin To Net: NetName=NetQ?_2 Pin=R1-1
Added Net: Name=NetQ?_2
Added Member To Class: ClassName=Main Member=Component Q? MOSFET-N
