Replace Part C2 Cap in C:\Project\Workspaces\Shaker-Hardware\Main.SchDoc with Cap from Curtis.SchLib
Replace Part C7 Cap in C:\Project\Workspaces\Shaker-Hardware\Main.SchDoc with Cap from Curtis.SchLib
Replace Part P1 Header 2 in C:\Project\Workspaces\Shaker-Hardware\Main.SchDoc with Header 2 from Curtis.SchLib
Replace Part P2 Mini USB in C:\Project\Workspaces\Shaker-Hardware\Main.SchDoc with Mini USB from Curtis.SchLib
Replace Part P3 Header 2 in C:\Project\Workspaces\Shaker-Hardware\Main.SchDoc with Header 2 from Miscellaneous Connectors.IntLib
Replace Part P4 Header 2 in C:\Project\Workspaces\Shaker-Hardware\Main.SchDoc with Header 2 from Curtis.SchLib
Replace Part Q1 MOSFET-P in C:\Project\Workspaces\Shaker-Hardware\Main.SchDoc with MOSFET-P from Miscellaneous Devices.IntLib
Replace Part Q2 MOSFET-N in C:\Project\Workspaces\Shaker-Hardware\Main.SchDoc with MOSFET-N from Miscellaneous Devices.IntLib
Replace Part Q3 MOSFET-N in C:\Project\Workspaces\Shaker-Hardware\Main.SchDoc with MOSFET-N from Miscellaneous Devices.IntLib
Replace Part Q4 MOSFET-P in C:\Project\Workspaces\Shaker-Hardware\Main.SchDoc with MOSFET-P from Miscellaneous Devices.IntLib
Replace Part Q5 MOSFET-N in C:\Project\Workspaces\Shaker-Hardware\Main.SchDoc with MOSFET-N from Miscellaneous Devices.IntLib
Replace Part Q8 NPN1 in C:\Project\Workspaces\Shaker-Hardware\Main.SchDoc with NPN1 from Curtis.SchLib
Replace Part Q9 NPN1 in C:\Project\Workspaces\Shaker-Hardware\Main.SchDoc with NPN1 from Curtis.SchLib
Replace Part R1 Resistor in C:\Project\Workspaces\Shaker-Hardware\Main.SchDoc with Resistor from Curtis.SchLib
Replace Part R2 Resistor in C:\Project\Workspaces\Shaker-Hardware\Main.SchDoc with Resistor from Curtis.SchLib
Replace Part R3 Resistor in C:\Project\Workspaces\Shaker-Hardware\Main.SchDoc with Resistor from Curtis.SchLib
Replace Part R4 Resistor in C:\Project\Workspaces\Shaker-Hardware\Main.SchDoc with Resistor from Curtis.SchLib
Replace Part R5 Resistor in C:\Project\Workspaces\Shaker-Hardware\Main.SchDoc with Resistor from Curtis.SchLib
Replace Part R6 Resistor in C:\Project\Workspaces\Shaker-Hardware\Main.SchDoc with Resistor from Curtis.SchLib
Replace Part R7 Resistor in C:\Project\Workspaces\Shaker-Hardware\Main.SchDoc with Resistor from Curtis.SchLib
Replace Part R8 Res1 in C:\Project\Workspaces\Shaker-Hardware\Main.SchDoc with Res1 from Miscellaneous Devices.IntLib
Replace Part R9 Res1 in C:\Project\Workspaces\Shaker-Hardware\Main.SchDoc with Res1 from Miscellaneous Devices.IntLib
Replace Part R10 Res1 in C:\Project\Workspaces\Shaker-Hardware\Main.SchDoc with Res1 from Miscellaneous Devices.IntLib
Replace Part R11 Res1 in C:\Project\Workspaces\Shaker-Hardware\Main.SchDoc with Res1 from Miscellaneous Devices.IntLib
Replace Part R12 Res1 in C:\Project\Workspaces\Shaker-Hardware\Main.SchDoc with Res1 from Miscellaneous Devices.IntLib
Replace Part R13 Resistor in C:\Project\Workspaces\Shaker-Hardware\Main.SchDoc with Resistor from Curtis.SchLib
Replace Part R14 Resistor in C:\Project\Workspaces\Shaker-Hardware\Main.SchDoc with Resistor from Curtis.SchLib
Replace Part R15 Resistor in C:\Project\Workspaces\Shaker-Hardware\Main.SchDoc with Resistor from Curtis.SchLib
Replace Part R16 Res1 in C:\Project\Workspaces\Shaker-Hardware\Main.SchDoc with Res1 from Miscellaneous Devices.IntLib
Replace Part R17 Resistor in C:\Project\Workspaces\Shaker-Hardware\Main.SchDoc with Resistor from Curtis.SchLib
Replace Part R18 Resistor in C:\Project\Workspaces\Shaker-Hardware\Main.SchDoc with Resistor from Curtis.SchLib
Replace Part R19 Resistor in C:\Project\Workspaces\Shaker-Hardware\Main.SchDoc with Resistor from Curtis.SchLib
Replace Part U1 TS27L2 in C:\Project\Workspaces\Shaker-Hardware\Main.SchDoc with TS27L2 from Curtis.SchLib
Replace Part U3 TPS71533DCKR in C:\Project\Workspaces\Shaker-Hardware\Main.SchDoc with TPS71533DCKR from Curtis.SchLib
