Change Component Footprint: Designator=R15 Old Footprint=0402 Resistor New Footprint=0603 resistor
Change Component Footprint: Designator=R17 Old Footprint=0402 Resistor New Footprint=0603 resistor
Change Component Footprint: Designator=R13 Old Footprint=0402 Small New Footprint=0603 resistor
Change Component Footprint: Designator=R8 Old Footprint=0603 Resistor New Footprint=AXIAL-0.3
Change Component Footprint: Designator=R9 Old Footprint=0603 Resistor New Footprint=AXIAL-0.3
Change Component Footprint: Designator=R10 Old Footprint=0603 Resistor New Footprint=AXIAL-0.3
Change Component Footprint: Designator=R11 Old Footprint=0603 Resistor New Footprint=AXIAL-0.3
Change Component Footprint: Designator=R12 Old Footprint=0603 Resistor New Footprint=AXIAL-0.3
Change Component Footprint: Designator=R16 Old Footprint=0603 resistor New Footprint=AXIAL-0.3
Change Component Footprint: Designator=R18 Old Footprint=0805 Small New Footprint=0603 resistor
Change Component Footprint: Designator=R14 Old Footprint=2010 resistor New Footprint=0603 resistor
Change Component Footprint: Designator=R19 Old Footprint=2512 RESISTOR New Footprint=0603 resistor
Change Component Footprint: Designator=Q1 Old Footprint=SOT23 New Footprint=E3
Change Component Footprint: Designator=Q2 Old Footprint=SOT23 New Footprint=E3
Change Component Footprint: Designator=Q3 Old Footprint=SOT23 New Footprint=E3
Change Component Footprint: Designator=Q4 Old Footprint=SOT23 New Footprint=E3
Change Component Footprint: Designator=Q5 Old Footprint=SOT23 New Footprint=E3
Change Component Comment : Designator=R7 Old Comment=0.1 New Comment=10KO
Change Component Comment : Designator=R1 Old Comment=1K New Comment=10KO
Change Component Comment : Designator=R6 Old Comment=1K New Comment=10KO
Change Component Comment : Designator=R2 Old Comment=1M New Comment=10KO
Change Component Comment : Designator=R5 Old Comment=1M New Comment=10KO
Change Component Comment : Designator=R9 Old Comment=1MO New Comment=Res1
Change Component Comment : Designator=R10 Old Comment=1MO New Comment=Res1
Change Component Comment : Designator=R11 Old Comment=1MO New Comment=Res1
Change Component Comment : Designator=R12 Old Comment=1MO New Comment=Res1
Change Component Comment : Designator=R16 Old Comment=1MO New Comment=Res1
Change Component Comment : Designator=C7 Old Comment=1nF New Comment=Cap
Change Component Comment : Designator=R18 Old Comment=2.4 New Comment=10KO
Change Component Comment : Designator=R13 Old Comment=2.7M New Comment=10KO
Change Component Comment : Designator=R14 Old Comment=2.7O New Comment=10KO
Change Component Comment : Designator=R3 Old Comment=10M New Comment=10KO
Change Component Comment : Designator=R4 Old Comment=10M New Comment=10KO
Change Component Comment : Designator=C2 Old Comment=10uF New Comment=Cap
Change Component Comment : Designator=R19 Old Comment=13O New Comment=10KO
Change Component Comment : Designator=R17 Old Comment=47K New Comment=10KO
Change Component Comment : Designator=R8 Old Comment=100KO New Comment=Res1
Change Component Comment : Designator=R15 Old Comment=330K New Comment=10KO
Change Component Comment : Designator=P1 Old Comment=Header 2H New Comment=Header 2
Change Component Description : Designator=C2 Old Description=CAP CER 10UF 6.3V X5R 0805 New Description=
Change Component Description : Designator=C7 Old Description=CAP CER 1000PF 6.3V X5R 0402 New Description=
Change Component Description : Designator=P2 Old Description=CONN MINI USB RCPT RA TYPE B SMD New Description=
Change Component Description : Designator=R7 Old Description=RES SMD 0.1 OHM 5% 2W 2512 New Description=RES 10K OHM .25W 5% 0603 SMD
Change Component Description : Designator=R1 Old Description=RES SMD 1K OHM 5% 1/10W 060 New Description=RES 10K OHM .25W 5% 0603 SMD
Change Component Description : Designator=R6 Old Description=RES SMD 1K OHM 5% 1/10W 060 New Description=RES 10K OHM .25W 5% 0603 SMD
Change Component Description : Designator=R2 Old Description=RES SMD 1M OHM 5% 1/10W 0603 New Description=RES 10K OHM .25W 5% 0603 SMD
Change Component Description : Designator=R5 Old Description=RES SMD 1M OHM 5% 1/10W 0603 New Description=RES 10K OHM .25W 5% 0603 SMD
Change Component Description : Designator=R3 Old Description=RES SMD 10M OHM 5% 1/10W 0603 New Description=RES 10K OHM .25W 5% 0603 SMD
Change Component Description : Designator=R4 Old Description=RES SMD 10M OHM 5% 1/10W 0603 New Description=RES 10K OHM .25W 5% 0603 SMD
Added Component: Designator=P3(BH123A)
Added Pin To Net: NetName=VBAT Pin=P3-1
Added Pin To Net: NetName=GND Pin=P3-2
Added Member To Class: ClassName=Main Member=Component P3 Header 2
Added Room: Name=Main
