Removed Pin From Net: NetName=GND Pin=C4-2
Removed Pin From Net: NetName=GND Pin=C5-2
Added Component: Designator=R16(0603 Resistor)
Added Pin To Net: NetName=VCC Pin=C4-2
Added Pin To Net: NetName=VCC Pin=C5-2
Added Pin To Net: NetName=GND Pin=R16-1
Added Pin To Net: NetName=NetR15_2 Pin=R16-2
Added Member To Class: ClassName=Main Member=Component Q1 MOSFET-P
Added Member To Class: ClassName=Main Member=Component Q2 MOSFET-N
Added Member To Class: ClassName=Main Member=Component Q3 MOSFET-N
Added Member To Class: ClassName=Main Member=Component Q4 MOSFET-P
Added Member To Class: ClassName=Main Member=Component Q8 MMST2222A
Added Member To Class: ClassName=Main Member=Component Q9 MMST2222A
Added Member To Class: ClassName=Main Member=Component R1 1K
Added Member To Class: ClassName=Main Member=Component R2 1M
Added Member To Class: ClassName=Main Member=Component R3 10M
Added Member To Class: ClassName=Main Member=Component R4 10M
Added Member To Class: ClassName=Main Member=Component R5 1M
Added Member To Class: ClassName=Main Member=Component R6 1K
Added Member To Class: ClassName=Main Member=Component R16 1MO
